<?xml version="1.0" encoding="UTF-8"?>
<!-- Generated by org.testng.reporters.JUnitReportReporter -->
<testsuite hostname="PavanKeerthi" name="test.ICICIMouseClick" tests="1" failures="0" timestamp="21 Jan 2018 17:50:41 GMT" time="23.853" errors="0">
  <testcase name="testprog" time="23.853" classname="test.ICICIMouseClick"/>
</testsuite> <!-- test.ICICIMouseClick -->
